<?xml version="1.0" encoding="UTF-8"?>
<testng-results skipped="0" failed="0" total="2" passed="2">
  <reporter-output>
  </reporter-output>
  <suite name="Suite" duration-ms="176019" started-at="2016-12-27T11:59:02Z" finished-at="2016-12-27T12:01:58Z">
    <groups>
    </groups>
    <test name="githubTest" duration-ms="176019" started-at="2016-12-27T11:59:02Z" finished-at="2016-12-27T12:01:58Z">
      <class name="com.git.test.GitTest">
        <test-method status="PASS" signature="loginWithValidData()[pri:0, instance:com.git.test.GitTest@afb23c]" name="loginWithValidData" duration-ms="27967" started-at="2016-12-27T17:31:30Z" finished-at="2016-12-27T17:31:58Z">
          <reporter-output>
          </reporter-output>
        </test-method> <!-- loginWithValidData -->
      </class> <!-- com.git.test.GitTest -->
      <class name="com.git.test2.GitTest2">
        <test-method status="PASS" signature="loginWithInValidData()[pri:0, instance:com.git.test2.GitTest2@e369b7]" name="loginWithInValidData" duration-ms="148034" started-at="2016-12-27T17:29:02Z" finished-at="2016-12-27T17:31:30Z">
          <reporter-output>
          </reporter-output>
        </test-method> <!-- loginWithInValidData -->
      </class> <!-- com.git.test2.GitTest2 -->
    </test> <!-- githubTest -->
  </suite> <!-- Suite -->
</testng-results>
